<?xml version="1.0" encoding="UTF-8"?>
<!-- Generated by org.testng.reporters.JUnitReportReporter -->
<testsuite hostname="LAPTOP-LCDT9TF2" failures="0" tests="2" name="com.qa.hubspot.test.LoginPageTest" time="40.943" errors="0" timestamp="6 Sep 2019 10:14:22 GMT">
  <testcase classname="com.qa.hubspot.test.LoginPageTest" name="loginTest" time="23.686"/>
  <testcase classname="com.qa.hubspot.test.LoginPageTest" name="loginPageTitleTest" time="17.257"/>
</testsuite> <!-- com.qa.hubspot.test.LoginPageTest -->
