<?xml version="1.0" encoding="UTF-8"?>
<!-- Generated by org.testng.reporters.JUnitReportReporter -->
<testsuite hostname="LAPTOP-LCDT9TF2" failures="0" tests="2" name="com.qa.hubspot.test.ContactsPageTest" time="61.422" errors="0" timestamp="6 Sep 2019 11:23:40 GMT">
  <testcase classname="com.qa.hubspot.test.ContactsPageTest" name="VerifyCreateContact" time="36.405"/>
  <testcase classname="com.qa.hubspot.test.ContactsPageTest" name="verifyContactsPageTitle" time="25.017"/>
</testsuite> <!-- com.qa.hubspot.test.ContactsPageTest -->
